2017-03-18 09:02:11 [127.0.0.1][-][-][error][yii\i18n\PhpMessageSource::loadMessages] The message file for category 'yii' does not exist: C:\Xampp\htdocs\fileroc\vendor\yiisoft\yii2/messages/jp/yii.php
2017-03-18 09:02:11 [127.0.0.1][-][-][info][application] $_GET = [
    'id' => 'model'
]

$_COOKIE = [
    '_ga' => 'GA1.2.645897337.1489680476'
    '_identity' => '4218c20326ca436fe1220f73da19e3384b5c9cf7e4ad08543abb5825d7aeae4ca:2:{i:0;s:9:\"_identity\";i:1;s:18:\"[\"1\",null,2592000]\";}'
    'PHPBACKSESSID' => 'utqgpuottpjig1v0qerf8888h6'
    '_csrf' => 'fe45f57358317431e22a6a541f84ce64fa678fc055aa270e5059580b72b5196ea:2:{i:0;s:5:\"_csrf\";i:1;s:32:\"k9_pMFpS52EPBRodXFzgQxlkz4jcZLqE\";}'
]

$_SERVER = [
    'REDIRECT_REDIRECT_MIBDIRS' => 'C:/Xampp/php/extras/mibs'
    'REDIRECT_REDIRECT_MYSQL_HOME' => '\\xampp\\mysql\\bin'
    'REDIRECT_REDIRECT_OPENSSL_CONF' => 'C:/Xampp/apache/bin/openssl.cnf'
    'REDIRECT_REDIRECT_PHP_PEAR_SYSCONF_DIR' => '\\xampp\\php'
    'REDIRECT_REDIRECT_PHPRC' => '\\xampp\\php'
    'REDIRECT_REDIRECT_TMP' => '\\xampp\\tmp'
    'REDIRECT_REDIRECT_STATUS' => '200'
    'REDIRECT_MIBDIRS' => 'C:/Xampp/php/extras/mibs'
    'REDIRECT_MYSQL_HOME' => '\\xampp\\mysql\\bin'
    'REDIRECT_OPENSSL_CONF' => 'C:/Xampp/apache/bin/openssl.cnf'
    'REDIRECT_PHP_PEAR_SYSCONF_DIR' => '\\xampp\\php'
    'REDIRECT_PHPRC' => '\\xampp\\php'
    'REDIRECT_TMP' => '\\xampp\\tmp'
    'REDIRECT_STATUS' => '200'
    'MIBDIRS' => 'C:/Xampp/php/extras/mibs'
    'MYSQL_HOME' => '\\xampp\\mysql\\bin'
    'OPENSSL_CONF' => 'C:/Xampp/apache/bin/openssl.cnf'
    'PHP_PEAR_SYSCONF_DIR' => '\\xampp\\php'
    'PHPRC' => '\\xampp\\php'
    'TMP' => '\\xampp\\tmp'
    'HTTP_HOST' => 'freefile.vn'
    'HTTP_CONNECTION' => 'keep-alive'
    'HTTP_UPGRADE_INSECURE_REQUESTS' => '1'
    'HTTP_USER_AGENT' => 'Mozilla/5.0 (Windows NT 10.0; Win64; x64) AppleWebKit/537.36 (KHTML, like Gecko) Chrome/56.0.2924.87 Safari/537.36'
    'HTTP_ACCEPT' => 'text/html,application/xhtml+xml,application/xml;q=0.9,image/webp,*/*;q=0.8'
    'HTTP_ACCEPT_ENCODING' => 'gzip, deflate, sdch'
    'HTTP_ACCEPT_LANGUAGE' => 'vi-VN,vi;q=0.8,fr-FR;q=0.6,fr;q=0.4,en-US;q=0.2,en;q=0.2'
    'HTTP_COOKIE' => '_ga=GA1.2.645897337.1489680476; _identity=4218c20326ca436fe1220f73da19e3384b5c9cf7e4ad08543abb5825d7aeae4ca%3A2%3A%7Bi%3A0%3Bs%3A9%3A%22_identity%22%3Bi%3A1%3Bs%3A18%3A%22%5B%221%22%2Cnull%2C2592000%5D%22%3B%7D; PHPBACKSESSID=utqgpuottpjig1v0qerf8888h6; _csrf=fe45f57358317431e22a6a541f84ce64fa678fc055aa270e5059580b72b5196ea%3A2%3A%7Bi%3A0%3Bs%3A5%3A%22_csrf%22%3Bi%3A1%3Bs%3A32%3A%22k9_pMFpS52EPBRodXFzgQxlkz4jcZLqE%22%3B%7D'
    'PATH' => 'C:\\WINDOWS\\system32;C:\\WINDOWS;C:\\WINDOWS\\System32\\Wbem;C:\\WINDOWS\\System32\\WindowsPowerShell\\v1.0\\;c:\\Program Files (x86)\\QuickTime\\QTSystem\\;C:\\Program Files\\Git\\cmd;C:\\Xampp\\php;C:\\ProgramData\\ComposerSetup\\bin;C:\\Users\\MyPC\\AppData\\Local\\Microsoft\\WindowsApps;C:\\Users\\MyPC\\AppData\\Roaming\\Composer\\vendor\\bin'
    'SystemRoot' => 'C:\\WINDOWS'
    'COMSPEC' => 'C:\\WINDOWS\\system32\\cmd.exe'
    'PATHEXT' => '.COM;.EXE;.BAT;.CMD;.VBS;.VBE;.JS;.JSE;.WSF;.WSH;.MSC'
    'WINDIR' => 'C:\\WINDOWS'
    'SERVER_SIGNATURE' => '<address>Apache/2.4.16 (Win32) OpenSSL/1.0.1p PHP/5.6.12 Server at freefile.vn Port 80</address>
'
    'SERVER_SOFTWARE' => 'Apache/2.4.16 (Win32) OpenSSL/1.0.1p PHP/5.6.12'
    'SERVER_NAME' => 'freefile.vn'
    'SERVER_ADDR' => '127.0.0.1'
    'SERVER_PORT' => '80'
    'REMOTE_ADDR' => '127.0.0.1'
    'DOCUMENT_ROOT' => 'C:/Xampp/htdocs/fileroc'
    'REQUEST_SCHEME' => 'http'
    'CONTEXT_PREFIX' => ''
    'CONTEXT_DOCUMENT_ROOT' => 'C:/Xampp/htdocs/fileroc'
    'SERVER_ADMIN' => 'postmaster@localhost'
    'SCRIPT_FILENAME' => 'C:/Xampp/htdocs/fileroc/frontend/web/index.php'
    'REMOTE_PORT' => '10163'
    'REDIRECT_URL' => '/frontend/web/gii/model'
    'GATEWAY_INTERFACE' => 'CGI/1.1'
    'SERVER_PROTOCOL' => 'HTTP/1.1'
    'REQUEST_METHOD' => 'GET'
    'QUERY_STRING' => ''
    'REQUEST_URI' => '/gii/model'
    'SCRIPT_NAME' => '/frontend/web/index.php'
    'PHP_SELF' => '/frontend/web/index.php'
    'REQUEST_TIME_FLOAT' => 1489824131.105
    'REQUEST_TIME' => 1489824131
]
2017-03-18 09:03:18 [127.0.0.1][-][-][error][yii\i18n\PhpMessageSource::loadMessages] The message file for category 'yii' does not exist: C:\Xampp\htdocs\fileroc\vendor\yiisoft\yii2/messages/jp/yii.php
2017-03-18 09:03:18 [127.0.0.1][-][-][info][application] $_GET = [
    'id' => 'model'
]

$_POST = [
    '_csrf' => 'ZHMtMThmYS4PSnJBdSARfVFBaGF6NA5KPDVXVmkeDUUeR0dSYioQaw=='
    'Generator' => [
        'tableName' => 'tbl_tutorials'
        'modelClass' => 'Tutorials'
        'ns' => 'common\\models'
        'baseClass' => 'yii\\db\\ActiveRecord'
        'db' => 'db'
        'useTablePrefix' => '0'
        'generateRelations' => '1'
        'generateLabelsFromComments' => '0'
        'enableI18N' => '0'
        'messageCategory' => 'app'
        'template' => 'default'
    ]
    'preview' => ''
]

$_COOKIE = [
    '_ga' => 'GA1.2.645897337.1489680476'
    '_identity' => '4218c20326ca436fe1220f73da19e3384b5c9cf7e4ad08543abb5825d7aeae4ca:2:{i:0;s:9:\"_identity\";i:1;s:18:\"[\"1\",null,2592000]\";}'
    'PHPBACKSESSID' => 'utqgpuottpjig1v0qerf8888h6'
    '_csrf' => 'fe45f57358317431e22a6a541f84ce64fa678fc055aa270e5059580b72b5196ea:2:{i:0;s:5:\"_csrf\";i:1;s:32:\"k9_pMFpS52EPBRodXFzgQxlkz4jcZLqE\";}'
]

$_SERVER = [
    'REDIRECT_REDIRECT_MIBDIRS' => 'C:/Xampp/php/extras/mibs'
    'REDIRECT_REDIRECT_MYSQL_HOME' => '\\xampp\\mysql\\bin'
    'REDIRECT_REDIRECT_OPENSSL_CONF' => 'C:/Xampp/apache/bin/openssl.cnf'
    'REDIRECT_REDIRECT_PHP_PEAR_SYSCONF_DIR' => '\\xampp\\php'
    'REDIRECT_REDIRECT_PHPRC' => '\\xampp\\php'
    'REDIRECT_REDIRECT_TMP' => '\\xampp\\tmp'
    'REDIRECT_REDIRECT_STATUS' => '200'
    'REDIRECT_MIBDIRS' => 'C:/Xampp/php/extras/mibs'
    'REDIRECT_MYSQL_HOME' => '\\xampp\\mysql\\bin'
    'REDIRECT_OPENSSL_CONF' => 'C:/Xampp/apache/bin/openssl.cnf'
    'REDIRECT_PHP_PEAR_SYSCONF_DIR' => '\\xampp\\php'
    'REDIRECT_PHPRC' => '\\xampp\\php'
    'REDIRECT_TMP' => '\\xampp\\tmp'
    'REDIRECT_STATUS' => '200'
    'MIBDIRS' => 'C:/Xampp/php/extras/mibs'
    'MYSQL_HOME' => '\\xampp\\mysql\\bin'
    'OPENSSL_CONF' => 'C:/Xampp/apache/bin/openssl.cnf'
    'PHP_PEAR_SYSCONF_DIR' => '\\xampp\\php'
    'PHPRC' => '\\xampp\\php'
    'TMP' => '\\xampp\\tmp'
    'HTTP_HOST' => 'freefile.vn'
    'HTTP_CONNECTION' => 'keep-alive'
    'CONTENT_LENGTH' => '495'
    'HTTP_CACHE_CONTROL' => 'max-age=0'
    'HTTP_ORIGIN' => 'http://freefile.vn'
    'HTTP_UPGRADE_INSECURE_REQUESTS' => '1'
    'HTTP_USER_AGENT' => 'Mozilla/5.0 (Windows NT 10.0; Win64; x64) AppleWebKit/537.36 (KHTML, like Gecko) Chrome/56.0.2924.87 Safari/537.36'
    'CONTENT_TYPE' => 'application/x-www-form-urlencoded'
    'HTTP_ACCEPT' => 'text/html,application/xhtml+xml,application/xml;q=0.9,image/webp,*/*;q=0.8'
    'HTTP_REFERER' => 'http://freefile.vn/gii/model'
    'HTTP_ACCEPT_ENCODING' => 'gzip, deflate'
    'HTTP_ACCEPT_LANGUAGE' => 'vi-VN,vi;q=0.8,fr-FR;q=0.6,fr;q=0.4,en-US;q=0.2,en;q=0.2'
    'HTTP_COOKIE' => '_ga=GA1.2.645897337.1489680476; _identity=4218c20326ca436fe1220f73da19e3384b5c9cf7e4ad08543abb5825d7aeae4ca%3A2%3A%7Bi%3A0%3Bs%3A9%3A%22_identity%22%3Bi%3A1%3Bs%3A18%3A%22%5B%221%22%2Cnull%2C2592000%5D%22%3B%7D; PHPBACKSESSID=utqgpuottpjig1v0qerf8888h6; _csrf=fe45f57358317431e22a6a541f84ce64fa678fc055aa270e5059580b72b5196ea%3A2%3A%7Bi%3A0%3Bs%3A5%3A%22_csrf%22%3Bi%3A1%3Bs%3A32%3A%22k9_pMFpS52EPBRodXFzgQxlkz4jcZLqE%22%3B%7D'
    'PATH' => 'C:\\WINDOWS\\system32;C:\\WINDOWS;C:\\WINDOWS\\System32\\Wbem;C:\\WINDOWS\\System32\\WindowsPowerShell\\v1.0\\;c:\\Program Files (x86)\\QuickTime\\QTSystem\\;C:\\Program Files\\Git\\cmd;C:\\Xampp\\php;C:\\ProgramData\\ComposerSetup\\bin;C:\\Users\\MyPC\\AppData\\Local\\Microsoft\\WindowsApps;C:\\Users\\MyPC\\AppData\\Roaming\\Composer\\vendor\\bin'
    'SystemRoot' => 'C:\\WINDOWS'
    'COMSPEC' => 'C:\\WINDOWS\\system32\\cmd.exe'
    'PATHEXT' => '.COM;.EXE;.BAT;.CMD;.VBS;.VBE;.JS;.JSE;.WSF;.WSH;.MSC'
    'WINDIR' => 'C:\\WINDOWS'
    'SERVER_SIGNATURE' => '<address>Apache/2.4.16 (Win32) OpenSSL/1.0.1p PHP/5.6.12 Server at freefile.vn Port 80</address>
'
    'SERVER_SOFTWARE' => 'Apache/2.4.16 (Win32) OpenSSL/1.0.1p PHP/5.6.12'
    'SERVER_NAME' => 'freefile.vn'
    'SERVER_ADDR' => '127.0.0.1'
    'SERVER_PORT' => '80'
    'REMOTE_ADDR' => '127.0.0.1'
    'DOCUMENT_ROOT' => 'C:/Xampp/htdocs/fileroc'
    'REQUEST_SCHEME' => 'http'
    'CONTEXT_PREFIX' => ''
    'CONTEXT_DOCUMENT_ROOT' => 'C:/Xampp/htdocs/fileroc'
    'SERVER_ADMIN' => 'postmaster@localhost'
    'SCRIPT_FILENAME' => 'C:/Xampp/htdocs/fileroc/frontend/web/index.php'
    'REMOTE_PORT' => '10177'
    'REDIRECT_URL' => '/frontend/web/gii/model'
    'GATEWAY_INTERFACE' => 'CGI/1.1'
    'SERVER_PROTOCOL' => 'HTTP/1.1'
    'REQUEST_METHOD' => 'POST'
    'QUERY_STRING' => ''
    'REQUEST_URI' => '/gii/model'
    'SCRIPT_NAME' => '/frontend/web/index.php'
    'PHP_SELF' => '/frontend/web/index.php'
    'REQUEST_TIME_FLOAT' => 1489824198.204
    'REQUEST_TIME' => 1489824198
]
2017-03-18 09:03:35 [127.0.0.1][-][-][error][yii\i18n\PhpMessageSource::loadMessages] The message file for category 'yii' does not exist: C:\Xampp\htdocs\fileroc\vendor\yiisoft\yii2/messages/jp/yii.php
2017-03-18 09:03:35 [127.0.0.1][-][-][info][application] $_GET = [
    'id' => 'model'
]

$_POST = [
    '_csrf' => 'WmFxR0lnMkUxWC43BCFCFm9TNBcLNV0hAicLIBgfXi4gVRskEytDAA=='
    'Generator' => [
        'tableName' => 'tbl_tutorials'
        'modelClass' => 'Tutorials'
        'ns' => 'common\\models'
        'baseClass' => 'yii\\db\\ActiveRecord'
        'db' => 'db'
        'useTablePrefix' => '0'
        'generateRelations' => '1'
        'generateLabelsFromComments' => '0'
        'enableI18N' => '0'
        'messageCategory' => 'app'
        'template' => 'default'
    ]
    'generate' => ''
    'answers' => [
        'c1074c64c04355777e2cb51a4d655b9c' => '1'
    ]
]

$_COOKIE = [
    '_ga' => 'GA1.2.645897337.1489680476'
    '_identity' => '4218c20326ca436fe1220f73da19e3384b5c9cf7e4ad08543abb5825d7aeae4ca:2:{i:0;s:9:\"_identity\";i:1;s:18:\"[\"1\",null,2592000]\";}'
    'PHPBACKSESSID' => 'utqgpuottpjig1v0qerf8888h6'
    '_csrf' => 'fe45f57358317431e22a6a541f84ce64fa678fc055aa270e5059580b72b5196ea:2:{i:0;s:5:\"_csrf\";i:1;s:32:\"k9_pMFpS52EPBRodXFzgQxlkz4jcZLqE\";}'
]

$_SERVER = [
    'REDIRECT_REDIRECT_MIBDIRS' => 'C:/Xampp/php/extras/mibs'
    'REDIRECT_REDIRECT_MYSQL_HOME' => '\\xampp\\mysql\\bin'
    'REDIRECT_REDIRECT_OPENSSL_CONF' => 'C:/Xampp/apache/bin/openssl.cnf'
    'REDIRECT_REDIRECT_PHP_PEAR_SYSCONF_DIR' => '\\xampp\\php'
    'REDIRECT_REDIRECT_PHPRC' => '\\xampp\\php'
    'REDIRECT_REDIRECT_TMP' => '\\xampp\\tmp'
    'REDIRECT_REDIRECT_STATUS' => '200'
    'REDIRECT_MIBDIRS' => 'C:/Xampp/php/extras/mibs'
    'REDIRECT_MYSQL_HOME' => '\\xampp\\mysql\\bin'
    'REDIRECT_OPENSSL_CONF' => 'C:/Xampp/apache/bin/openssl.cnf'
    'REDIRECT_PHP_PEAR_SYSCONF_DIR' => '\\xampp\\php'
    'REDIRECT_PHPRC' => '\\xampp\\php'
    'REDIRECT_TMP' => '\\xampp\\tmp'
    'REDIRECT_STATUS' => '200'
    'MIBDIRS' => 'C:/Xampp/php/extras/mibs'
    'MYSQL_HOME' => '\\xampp\\mysql\\bin'
    'OPENSSL_CONF' => 'C:/Xampp/apache/bin/openssl.cnf'
    'PHP_PEAR_SYSCONF_DIR' => '\\xampp\\php'
    'PHPRC' => '\\xampp\\php'
    'TMP' => '\\xampp\\tmp'
    'HTTP_HOST' => 'freefile.vn'
    'HTTP_CONNECTION' => 'keep-alive'
    'CONTENT_LENGTH' => '544'
    'HTTP_CACHE_CONTROL' => 'max-age=0'
    'HTTP_ORIGIN' => 'http://freefile.vn'
    'HTTP_UPGRADE_INSECURE_REQUESTS' => '1'
    'HTTP_USER_AGENT' => 'Mozilla/5.0 (Windows NT 10.0; Win64; x64) AppleWebKit/537.36 (KHTML, like Gecko) Chrome/56.0.2924.87 Safari/537.36'
    'CONTENT_TYPE' => 'application/x-www-form-urlencoded'
    'HTTP_ACCEPT' => 'text/html,application/xhtml+xml,application/xml;q=0.9,image/webp,*/*;q=0.8'
    'HTTP_REFERER' => 'http://freefile.vn/gii/model'
    'HTTP_ACCEPT_ENCODING' => 'gzip, deflate'
    'HTTP_ACCEPT_LANGUAGE' => 'vi-VN,vi;q=0.8,fr-FR;q=0.6,fr;q=0.4,en-US;q=0.2,en;q=0.2'
    'HTTP_COOKIE' => '_ga=GA1.2.645897337.1489680476; _identity=4218c20326ca436fe1220f73da19e3384b5c9cf7e4ad08543abb5825d7aeae4ca%3A2%3A%7Bi%3A0%3Bs%3A9%3A%22_identity%22%3Bi%3A1%3Bs%3A18%3A%22%5B%221%22%2Cnull%2C2592000%5D%22%3B%7D; PHPBACKSESSID=utqgpuottpjig1v0qerf8888h6; _csrf=fe45f57358317431e22a6a541f84ce64fa678fc055aa270e5059580b72b5196ea%3A2%3A%7Bi%3A0%3Bs%3A5%3A%22_csrf%22%3Bi%3A1%3Bs%3A32%3A%22k9_pMFpS52EPBRodXFzgQxlkz4jcZLqE%22%3B%7D'
    'PATH' => 'C:\\WINDOWS\\system32;C:\\WINDOWS;C:\\WINDOWS\\System32\\Wbem;C:\\WINDOWS\\System32\\WindowsPowerShell\\v1.0\\;c:\\Program Files (x86)\\QuickTime\\QTSystem\\;C:\\Program Files\\Git\\cmd;C:\\Xampp\\php;C:\\ProgramData\\ComposerSetup\\bin;C:\\Users\\MyPC\\AppData\\Local\\Microsoft\\WindowsApps;C:\\Users\\MyPC\\AppData\\Roaming\\Composer\\vendor\\bin'
    'SystemRoot' => 'C:\\WINDOWS'
    'COMSPEC' => 'C:\\WINDOWS\\system32\\cmd.exe'
    'PATHEXT' => '.COM;.EXE;.BAT;.CMD;.VBS;.VBE;.JS;.JSE;.WSF;.WSH;.MSC'
    'WINDIR' => 'C:\\WINDOWS'
    'SERVER_SIGNATURE' => '<address>Apache/2.4.16 (Win32) OpenSSL/1.0.1p PHP/5.6.12 Server at freefile.vn Port 80</address>
'
    'SERVER_SOFTWARE' => 'Apache/2.4.16 (Win32) OpenSSL/1.0.1p PHP/5.6.12'
    'SERVER_NAME' => 'freefile.vn'
    'SERVER_ADDR' => '127.0.0.1'
    'SERVER_PORT' => '80'
    'REMOTE_ADDR' => '127.0.0.1'
    'DOCUMENT_ROOT' => 'C:/Xampp/htdocs/fileroc'
    'REQUEST_SCHEME' => 'http'
    'CONTEXT_PREFIX' => ''
    'CONTEXT_DOCUMENT_ROOT' => 'C:/Xampp/htdocs/fileroc'
    'SERVER_ADMIN' => 'postmaster@localhost'
    'SCRIPT_FILENAME' => 'C:/Xampp/htdocs/fileroc/frontend/web/index.php'
    'REMOTE_PORT' => '10183'
    'REDIRECT_URL' => '/frontend/web/gii/model'
    'GATEWAY_INTERFACE' => 'CGI/1.1'
    'SERVER_PROTOCOL' => 'HTTP/1.1'
    'REQUEST_METHOD' => 'POST'
    'QUERY_STRING' => ''
    'REQUEST_URI' => '/gii/model'
    'SCRIPT_NAME' => '/frontend/web/index.php'
    'PHP_SELF' => '/frontend/web/index.php'
    'REQUEST_TIME_FLOAT' => 1489824215.815
    'REQUEST_TIME' => 1489824215
]
2017-03-19 09:11:10 [127.0.0.1][-][-][error][yii\i18n\PhpMessageSource::loadMessages] The message file for category 'yii' does not exist: C:\Xampp\htdocs\fileroc\vendor\yiisoft\yii2/messages/jp/yii.php
2017-03-19 09:11:10 [127.0.0.1][-][-][error][yii\web\HttpException:404] exception 'yii\base\InvalidRouteException' with message 'Unable to resolve the request "css/style.css".' in C:\Xampp\htdocs\fileroc\vendor\yiisoft\yii2\base\Module.php:461
Stack trace:
#0 C:\Xampp\htdocs\fileroc\vendor\yiisoft\yii2\web\Application.php(83): yii\base\Module->runAction('css/style.css', Array)
#1 C:\Xampp\htdocs\fileroc\vendor\yiisoft\yii2\base\Application.php(375): yii\web\Application->handleRequest(Object(yii\web\Request))
#2 C:\Xampp\htdocs\fileroc\frontend\web\index.php(17): yii\base\Application->run()
#3 {main}

Next exception 'yii\web\NotFoundHttpException' with message 'Page not found.' in C:\Xampp\htdocs\fileroc\vendor\yiisoft\yii2\web\Application.php:95
Stack trace:
#0 C:\Xampp\htdocs\fileroc\vendor\yiisoft\yii2\base\Application.php(375): yii\web\Application->handleRequest(Object(yii\web\Request))
#1 C:\Xampp\htdocs\fileroc\frontend\web\index.php(17): yii\base\Application->run()
#2 {main}
2017-03-19 09:11:10 [127.0.0.1][-][-][info][application] $_COOKIE = [
    '_csrf' => '089f3eef0aa3aed78a4b00401617e4284d16b69b4e0d1fd235a2f9300ac643d8a:2:{i:0;s:5:\"_csrf\";i:1;s:32:\"rrxN6ZkQSFKeVjJd7F-0Pc06-ap1wO_U\";}'
]

$_SERVER = [
    'REDIRECT_REDIRECT_MIBDIRS' => 'C:/Xampp/php/extras/mibs'
    'REDIRECT_REDIRECT_MYSQL_HOME' => '\\xampp\\mysql\\bin'
    'REDIRECT_REDIRECT_OPENSSL_CONF' => 'C:/Xampp/apache/bin/openssl.cnf'
    'REDIRECT_REDIRECT_PHP_PEAR_SYSCONF_DIR' => '\\xampp\\php'
    'REDIRECT_REDIRECT_PHPRC' => '\\xampp\\php'
    'REDIRECT_REDIRECT_TMP' => '\\xampp\\tmp'
    'REDIRECT_REDIRECT_STATUS' => '200'
    'REDIRECT_MIBDIRS' => 'C:/Xampp/php/extras/mibs'
    'REDIRECT_MYSQL_HOME' => '\\xampp\\mysql\\bin'
    'REDIRECT_OPENSSL_CONF' => 'C:/Xampp/apache/bin/openssl.cnf'
    'REDIRECT_PHP_PEAR_SYSCONF_DIR' => '\\xampp\\php'
    'REDIRECT_PHPRC' => '\\xampp\\php'
    'REDIRECT_TMP' => '\\xampp\\tmp'
    'REDIRECT_STATUS' => '200'
    'MIBDIRS' => 'C:/Xampp/php/extras/mibs'
    'MYSQL_HOME' => '\\xampp\\mysql\\bin'
    'OPENSSL_CONF' => 'C:/Xampp/apache/bin/openssl.cnf'
    'PHP_PEAR_SYSCONF_DIR' => '\\xampp\\php'
    'PHPRC' => '\\xampp\\php'
    'TMP' => '\\xampp\\tmp'
    'HTTP_HOST' => 'freefile.vn'
    'HTTP_CONNECTION' => 'keep-alive'
    'HTTP_USER_AGENT' => 'Mozilla/5.0 (Windows NT 10.0; Win64; x64) AppleWebKit/537.36 (KHTML, like Gecko) Chrome/56.0.2924.87 Safari/537.36'
    'HTTP_ACCEPT' => 'text/css,*/*;q=0.1'
    'HTTP_REFERER' => 'http://freefile.vn/'
    'HTTP_ACCEPT_ENCODING' => 'gzip, deflate, sdch'
    'HTTP_ACCEPT_LANGUAGE' => 'vi-VN,vi;q=0.8,fr-FR;q=0.6,fr;q=0.4,en-US;q=0.2,en;q=0.2'
    'HTTP_COOKIE' => '_csrf=089f3eef0aa3aed78a4b00401617e4284d16b69b4e0d1fd235a2f9300ac643d8a%3A2%3A%7Bi%3A0%3Bs%3A5%3A%22_csrf%22%3Bi%3A1%3Bs%3A32%3A%22rrxN6ZkQSFKeVjJd7F-0Pc06-ap1wO_U%22%3B%7D'
    'PATH' => 'C:\\WINDOWS\\system32;C:\\WINDOWS;C:\\WINDOWS\\System32\\Wbem;C:\\WINDOWS\\System32\\WindowsPowerShell\\v1.0\\;c:\\Program Files (x86)\\QuickTime\\QTSystem\\;C:\\Program Files\\Git\\cmd;C:\\Xampp\\php;C:\\ProgramData\\ComposerSetup\\bin;C:\\Users\\MyPC\\AppData\\Local\\Microsoft\\WindowsApps;C:\\Users\\MyPC\\AppData\\Roaming\\Composer\\vendor\\bin'
    'SystemRoot' => 'C:\\WINDOWS'
    'COMSPEC' => 'C:\\WINDOWS\\system32\\cmd.exe'
    'PATHEXT' => '.COM;.EXE;.BAT;.CMD;.VBS;.VBE;.JS;.JSE;.WSF;.WSH;.MSC'
    'WINDIR' => 'C:\\WINDOWS'
    'SERVER_SIGNATURE' => '<address>Apache/2.4.16 (Win32) OpenSSL/1.0.1p PHP/5.6.12 Server at freefile.vn Port 80</address>
'
    'SERVER_SOFTWARE' => 'Apache/2.4.16 (Win32) OpenSSL/1.0.1p PHP/5.6.12'
    'SERVER_NAME' => 'freefile.vn'
    'SERVER_ADDR' => '127.0.0.1'
    'SERVER_PORT' => '80'
    'REMOTE_ADDR' => '127.0.0.1'
    'DOCUMENT_ROOT' => 'C:/Xampp/htdocs/fileroc'
    'REQUEST_SCHEME' => 'http'
    'CONTEXT_PREFIX' => ''
    'CONTEXT_DOCUMENT_ROOT' => 'C:/Xampp/htdocs/fileroc'
    'SERVER_ADMIN' => 'postmaster@localhost'
    'SCRIPT_FILENAME' => 'C:/Xampp/htdocs/fileroc/frontend/web/index.php'
    'REMOTE_PORT' => '8404'
    'REDIRECT_URL' => '/frontend/web/css/style.css'
    'GATEWAY_INTERFACE' => 'CGI/1.1'
    'SERVER_PROTOCOL' => 'HTTP/1.1'
    'REQUEST_METHOD' => 'GET'
    'QUERY_STRING' => ''
    'REQUEST_URI' => '/css/style.css'
    'SCRIPT_NAME' => '/frontend/web/index.php'
    'PHP_SELF' => '/frontend/web/index.php'
    'REQUEST_TIME_FLOAT' => 1489911070.066
    'REQUEST_TIME' => 1489911070
]
2017-03-19 09:11:10 [127.0.0.1][-][-][error][yii\i18n\PhpMessageSource::loadMessages] The message file for category 'yii' does not exist: C:\Xampp\htdocs\fileroc\vendor\yiisoft\yii2/messages/jp/yii.php
2017-03-19 09:11:10 [127.0.0.1][-][-][error][yii\web\HttpException:404] exception 'yii\base\InvalidRouteException' with message 'Unable to resolve the request "img/all-free-download.jpg".' in C:\Xampp\htdocs\fileroc\vendor\yiisoft\yii2\base\Module.php:461
Stack trace:
#0 C:\Xampp\htdocs\fileroc\vendor\yiisoft\yii2\web\Application.php(83): yii\base\Module->runAction('img/all-free-do...', Array)
#1 C:\Xampp\htdocs\fileroc\vendor\yiisoft\yii2\base\Application.php(375): yii\web\Application->handleRequest(Object(yii\web\Request))
#2 C:\Xampp\htdocs\fileroc\frontend\web\index.php(17): yii\base\Application->run()
#3 {main}

Next exception 'yii\web\NotFoundHttpException' with message 'Page not found.' in C:\Xampp\htdocs\fileroc\vendor\yiisoft\yii2\web\Application.php:95
Stack trace:
#0 C:\Xampp\htdocs\fileroc\vendor\yiisoft\yii2\base\Application.php(375): yii\web\Application->handleRequest(Object(yii\web\Request))
#1 C:\Xampp\htdocs\fileroc\frontend\web\index.php(17): yii\base\Application->run()
#2 {main}
2017-03-19 09:11:10 [127.0.0.1][-][-][info][application] $_COOKIE = [
    '_csrf' => '089f3eef0aa3aed78a4b00401617e4284d16b69b4e0d1fd235a2f9300ac643d8a:2:{i:0;s:5:\"_csrf\";i:1;s:32:\"rrxN6ZkQSFKeVjJd7F-0Pc06-ap1wO_U\";}'
]

$_SERVER = [
    'REDIRECT_REDIRECT_MIBDIRS' => 'C:/Xampp/php/extras/mibs'
    'REDIRECT_REDIRECT_MYSQL_HOME' => '\\xampp\\mysql\\bin'
    'REDIRECT_REDIRECT_OPENSSL_CONF' => 'C:/Xampp/apache/bin/openssl.cnf'
    'REDIRECT_REDIRECT_PHP_PEAR_SYSCONF_DIR' => '\\xampp\\php'
    'REDIRECT_REDIRECT_PHPRC' => '\\xampp\\php'
    'REDIRECT_REDIRECT_TMP' => '\\xampp\\tmp'
    'REDIRECT_REDIRECT_STATUS' => '200'
    'REDIRECT_MIBDIRS' => 'C:/Xampp/php/extras/mibs'
    'REDIRECT_MYSQL_HOME' => '\\xampp\\mysql\\bin'
    'REDIRECT_OPENSSL_CONF' => 'C:/Xampp/apache/bin/openssl.cnf'
    'REDIRECT_PHP_PEAR_SYSCONF_DIR' => '\\xampp\\php'
    'REDIRECT_PHPRC' => '\\xampp\\php'
    'REDIRECT_TMP' => '\\xampp\\tmp'
    'REDIRECT_STATUS' => '200'
    'MIBDIRS' => 'C:/Xampp/php/extras/mibs'
    'MYSQL_HOME' => '\\xampp\\mysql\\bin'
    'OPENSSL_CONF' => 'C:/Xampp/apache/bin/openssl.cnf'
    'PHP_PEAR_SYSCONF_DIR' => '\\xampp\\php'
    'PHPRC' => '\\xampp\\php'
    'TMP' => '\\xampp\\tmp'
    'HTTP_HOST' => 'freefile.vn'
    'HTTP_CONNECTION' => 'keep-alive'
    'HTTP_USER_AGENT' => 'Mozilla/5.0 (Windows NT 10.0; Win64; x64) AppleWebKit/537.36 (KHTML, like Gecko) Chrome/56.0.2924.87 Safari/537.36'
    'HTTP_ACCEPT' => 'image/webp,image/*,*/*;q=0.8'
    'HTTP_REFERER' => 'http://freefile.vn/'
    'HTTP_ACCEPT_ENCODING' => 'gzip, deflate, sdch'
    'HTTP_ACCEPT_LANGUAGE' => 'vi-VN,vi;q=0.8,fr-FR;q=0.6,fr;q=0.4,en-US;q=0.2,en;q=0.2'
    'HTTP_COOKIE' => '_csrf=089f3eef0aa3aed78a4b00401617e4284d16b69b4e0d1fd235a2f9300ac643d8a%3A2%3A%7Bi%3A0%3Bs%3A5%3A%22_csrf%22%3Bi%3A1%3Bs%3A32%3A%22rrxN6ZkQSFKeVjJd7F-0Pc06-ap1wO_U%22%3B%7D'
    'PATH' => 'C:\\WINDOWS\\system32;C:\\WINDOWS;C:\\WINDOWS\\System32\\Wbem;C:\\WINDOWS\\System32\\WindowsPowerShell\\v1.0\\;c:\\Program Files (x86)\\QuickTime\\QTSystem\\;C:\\Program Files\\Git\\cmd;C:\\Xampp\\php;C:\\ProgramData\\ComposerSetup\\bin;C:\\Users\\MyPC\\AppData\\Local\\Microsoft\\WindowsApps;C:\\Users\\MyPC\\AppData\\Roaming\\Composer\\vendor\\bin'
    'SystemRoot' => 'C:\\WINDOWS'
    'COMSPEC' => 'C:\\WINDOWS\\system32\\cmd.exe'
    'PATHEXT' => '.COM;.EXE;.BAT;.CMD;.VBS;.VBE;.JS;.JSE;.WSF;.WSH;.MSC'
    'WINDIR' => 'C:\\WINDOWS'
    'SERVER_SIGNATURE' => '<address>Apache/2.4.16 (Win32) OpenSSL/1.0.1p PHP/5.6.12 Server at freefile.vn Port 80</address>
'
    'SERVER_SOFTWARE' => 'Apache/2.4.16 (Win32) OpenSSL/1.0.1p PHP/5.6.12'
    'SERVER_NAME' => 'freefile.vn'
    'SERVER_ADDR' => '127.0.0.1'
    'SERVER_PORT' => '80'
    'REMOTE_ADDR' => '127.0.0.1'
    'DOCUMENT_ROOT' => 'C:/Xampp/htdocs/fileroc'
    'REQUEST_SCHEME' => 'http'
    'CONTEXT_PREFIX' => ''
    'CONTEXT_DOCUMENT_ROOT' => 'C:/Xampp/htdocs/fileroc'
    'SERVER_ADMIN' => 'postmaster@localhost'
    'SCRIPT_FILENAME' => 'C:/Xampp/htdocs/fileroc/frontend/web/index.php'
    'REMOTE_PORT' => '8402'
    'REDIRECT_URL' => '/frontend/web/img/all-free-download.jpg'
    'GATEWAY_INTERFACE' => 'CGI/1.1'
    'SERVER_PROTOCOL' => 'HTTP/1.1'
    'REQUEST_METHOD' => 'GET'
    'QUERY_STRING' => ''
    'REQUEST_URI' => '/img/all-free-download.jpg'
    'SCRIPT_NAME' => '/frontend/web/index.php'
    'PHP_SELF' => '/frontend/web/index.php'
    'REQUEST_TIME_FLOAT' => 1489911070.1
    'REQUEST_TIME' => 1489911070
]
2017-03-19 09:11:10 [127.0.0.1][-][-][error][yii\i18n\PhpMessageSource::loadMessages] The message file for category 'yii' does not exist: C:\Xampp\htdocs\fileroc\vendor\yiisoft\yii2/messages/jp/yii.php
2017-03-19 09:11:10 [127.0.0.1][-][-][error][yii\web\HttpException:404] exception 'yii\base\InvalidRouteException' with message 'Unable to resolve the request "img/icon_user.png".' in C:\Xampp\htdocs\fileroc\vendor\yiisoft\yii2\base\Module.php:461
Stack trace:
#0 C:\Xampp\htdocs\fileroc\vendor\yiisoft\yii2\web\Application.php(83): yii\base\Module->runAction('img/icon_user.p...', Array)
#1 C:\Xampp\htdocs\fileroc\vendor\yiisoft\yii2\base\Application.php(375): yii\web\Application->handleRequest(Object(yii\web\Request))
#2 C:\Xampp\htdocs\fileroc\frontend\web\index.php(17): yii\base\Application->run()
#3 {main}

Next exception 'yii\web\NotFoundHttpException' with message 'Page not found.' in C:\Xampp\htdocs\fileroc\vendor\yiisoft\yii2\web\Application.php:95
Stack trace:
#0 C:\Xampp\htdocs\fileroc\vendor\yiisoft\yii2\base\Application.php(375): yii\web\Application->handleRequest(Object(yii\web\Request))
#1 C:\Xampp\htdocs\fileroc\frontend\web\index.php(17): yii\base\Application->run()
#2 {main}
2017-03-19 09:11:10 [127.0.0.1][-][-][info][application] $_COOKIE = [
    '_csrf' => '089f3eef0aa3aed78a4b00401617e4284d16b69b4e0d1fd235a2f9300ac643d8a:2:{i:0;s:5:\"_csrf\";i:1;s:32:\"rrxN6ZkQSFKeVjJd7F-0Pc06-ap1wO_U\";}'
]

$_SERVER = [
    'REDIRECT_REDIRECT_MIBDIRS' => 'C:/Xampp/php/extras/mibs'
    'REDIRECT_REDIRECT_MYSQL_HOME' => '\\xampp\\mysql\\bin'
    'REDIRECT_REDIRECT_OPENSSL_CONF' => 'C:/Xampp/apache/bin/openssl.cnf'
    'REDIRECT_REDIRECT_PHP_PEAR_SYSCONF_DIR' => '\\xampp\\php'
    'REDIRECT_REDIRECT_PHPRC' => '\\xampp\\php'
    'REDIRECT_REDIRECT_TMP' => '\\xampp\\tmp'
    'REDIRECT_REDIRECT_STATUS' => '200'
    'REDIRECT_MIBDIRS' => 'C:/Xampp/php/extras/mibs'
    'REDIRECT_MYSQL_HOME' => '\\xampp\\mysql\\bin'
    'REDIRECT_OPENSSL_CONF' => 'C:/Xampp/apache/bin/openssl.cnf'
    'REDIRECT_PHP_PEAR_SYSCONF_DIR' => '\\xampp\\php'
    'REDIRECT_PHPRC' => '\\xampp\\php'
    'REDIRECT_TMP' => '\\xampp\\tmp'
    'REDIRECT_STATUS' => '200'
    'MIBDIRS' => 'C:/Xampp/php/extras/mibs'
    'MYSQL_HOME' => '\\xampp\\mysql\\bin'
    'OPENSSL_CONF' => 'C:/Xampp/apache/bin/openssl.cnf'
    'PHP_PEAR_SYSCONF_DIR' => '\\xampp\\php'
    'PHPRC' => '\\xampp\\php'
    'TMP' => '\\xampp\\tmp'
    'HTTP_HOST' => 'freefile.vn'
    'HTTP_CONNECTION' => 'keep-alive'
    'HTTP_USER_AGENT' => 'Mozilla/5.0 (Windows NT 10.0; Win64; x64) AppleWebKit/537.36 (KHTML, like Gecko) Chrome/56.0.2924.87 Safari/537.36'
    'HTTP_ACCEPT' => 'image/webp,image/*,*/*;q=0.8'
    'HTTP_REFERER' => 'http://freefile.vn/'
    'HTTP_ACCEPT_ENCODING' => 'gzip, deflate, sdch'
    'HTTP_ACCEPT_LANGUAGE' => 'vi-VN,vi;q=0.8,fr-FR;q=0.6,fr;q=0.4,en-US;q=0.2,en;q=0.2'
    'HTTP_COOKIE' => '_csrf=089f3eef0aa3aed78a4b00401617e4284d16b69b4e0d1fd235a2f9300ac643d8a%3A2%3A%7Bi%3A0%3Bs%3A5%3A%22_csrf%22%3Bi%3A1%3Bs%3A32%3A%22rrxN6ZkQSFKeVjJd7F-0Pc06-ap1wO_U%22%3B%7D'
    'PATH' => 'C:\\WINDOWS\\system32;C:\\WINDOWS;C:\\WINDOWS\\System32\\Wbem;C:\\WINDOWS\\System32\\WindowsPowerShell\\v1.0\\;c:\\Program Files (x86)\\QuickTime\\QTSystem\\;C:\\Program Files\\Git\\cmd;C:\\Xampp\\php;C:\\ProgramData\\ComposerSetup\\bin;C:\\Users\\MyPC\\AppData\\Local\\Microsoft\\WindowsApps;C:\\Users\\MyPC\\AppData\\Roaming\\Composer\\vendor\\bin'
    'SystemRoot' => 'C:\\WINDOWS'
    'COMSPEC' => 'C:\\WINDOWS\\system32\\cmd.exe'
    'PATHEXT' => '.COM;.EXE;.BAT;.CMD;.VBS;.VBE;.JS;.JSE;.WSF;.WSH;.MSC'
    'WINDIR' => 'C:\\WINDOWS'
    'SERVER_SIGNATURE' => '<address>Apache/2.4.16 (Win32) OpenSSL/1.0.1p PHP/5.6.12 Server at freefile.vn Port 80</address>
'
    'SERVER_SOFTWARE' => 'Apache/2.4.16 (Win32) OpenSSL/1.0.1p PHP/5.6.12'
    'SERVER_NAME' => 'freefile.vn'
    'SERVER_ADDR' => '127.0.0.1'
    'SERVER_PORT' => '80'
    'REMOTE_ADDR' => '127.0.0.1'
    'DOCUMENT_ROOT' => 'C:/Xampp/htdocs/fileroc'
    'REQUEST_SCHEME' => 'http'
    'CONTEXT_PREFIX' => ''
    'CONTEXT_DOCUMENT_ROOT' => 'C:/Xampp/htdocs/fileroc'
    'SERVER_ADMIN' => 'postmaster@localhost'
    'SCRIPT_FILENAME' => 'C:/Xampp/htdocs/fileroc/frontend/web/index.php'
    'REMOTE_PORT' => '8407'
    'REDIRECT_URL' => '/frontend/web/img/icon_user.png'
    'GATEWAY_INTERFACE' => 'CGI/1.1'
    'SERVER_PROTOCOL' => 'HTTP/1.1'
    'REQUEST_METHOD' => 'GET'
    'QUERY_STRING' => ''
    'REQUEST_URI' => '/img/icon_user.png'
    'SCRIPT_NAME' => '/frontend/web/index.php'
    'PHP_SELF' => '/frontend/web/index.php'
    'REQUEST_TIME_FLOAT' => 1489911070.245
    'REQUEST_TIME' => 1489911070
]
2017-03-19 09:11:10 [127.0.0.1][-][-][error][yii\i18n\PhpMessageSource::loadMessages] The message file for category 'yii' does not exist: C:\Xampp\htdocs\fileroc\vendor\yiisoft\yii2/messages/jp/yii.php
2017-03-19 09:11:10 [127.0.0.1][-][-][error][yii\web\HttpException:404] exception 'yii\base\InvalidRouteException' with message 'Unable to resolve the request "img/back-to-top.png".' in C:\Xampp\htdocs\fileroc\vendor\yiisoft\yii2\base\Module.php:461
Stack trace:
#0 C:\Xampp\htdocs\fileroc\vendor\yiisoft\yii2\web\Application.php(83): yii\base\Module->runAction('img/back-to-top...', Array)
#1 C:\Xampp\htdocs\fileroc\vendor\yiisoft\yii2\base\Application.php(375): yii\web\Application->handleRequest(Object(yii\web\Request))
#2 C:\Xampp\htdocs\fileroc\frontend\web\index.php(17): yii\base\Application->run()
#3 {main}

Next exception 'yii\web\NotFoundHttpException' with message 'Page not found.' in C:\Xampp\htdocs\fileroc\vendor\yiisoft\yii2\web\Application.php:95
Stack trace:
#0 C:\Xampp\htdocs\fileroc\vendor\yiisoft\yii2\base\Application.php(375): yii\web\Application->handleRequest(Object(yii\web\Request))
#1 C:\Xampp\htdocs\fileroc\frontend\web\index.php(17): yii\base\Application->run()
#2 {main}
2017-03-19 09:11:10 [127.0.0.1][-][-][info][application] $_COOKIE = [
    '_csrf' => '089f3eef0aa3aed78a4b00401617e4284d16b69b4e0d1fd235a2f9300ac643d8a:2:{i:0;s:5:\"_csrf\";i:1;s:32:\"rrxN6ZkQSFKeVjJd7F-0Pc06-ap1wO_U\";}'
]

$_SERVER = [
    'REDIRECT_REDIRECT_MIBDIRS' => 'C:/Xampp/php/extras/mibs'
    'REDIRECT_REDIRECT_MYSQL_HOME' => '\\xampp\\mysql\\bin'
    'REDIRECT_REDIRECT_OPENSSL_CONF' => 'C:/Xampp/apache/bin/openssl.cnf'
    'REDIRECT_REDIRECT_PHP_PEAR_SYSCONF_DIR' => '\\xampp\\php'
    'REDIRECT_REDIRECT_PHPRC' => '\\xampp\\php'
    'REDIRECT_REDIRECT_TMP' => '\\xampp\\tmp'
    'REDIRECT_REDIRECT_STATUS' => '200'
    'REDIRECT_MIBDIRS' => 'C:/Xampp/php/extras/mibs'
    'REDIRECT_MYSQL_HOME' => '\\xampp\\mysql\\bin'
    'REDIRECT_OPENSSL_CONF' => 'C:/Xampp/apache/bin/openssl.cnf'
    'REDIRECT_PHP_PEAR_SYSCONF_DIR' => '\\xampp\\php'
    'REDIRECT_PHPRC' => '\\xampp\\php'
    'REDIRECT_TMP' => '\\xampp\\tmp'
    'REDIRECT_STATUS' => '200'
    'MIBDIRS' => 'C:/Xampp/php/extras/mibs'
    'MYSQL_HOME' => '\\xampp\\mysql\\bin'
    'OPENSSL_CONF' => 'C:/Xampp/apache/bin/openssl.cnf'
    'PHP_PEAR_SYSCONF_DIR' => '\\xampp\\php'
    'PHPRC' => '\\xampp\\php'
    'TMP' => '\\xampp\\tmp'
    'HTTP_HOST' => 'freefile.vn'
    'HTTP_CONNECTION' => 'keep-alive'
    'HTTP_USER_AGENT' => 'Mozilla/5.0 (Windows NT 10.0; Win64; x64) AppleWebKit/537.36 (KHTML, like Gecko) Chrome/56.0.2924.87 Safari/537.36'
    'HTTP_ACCEPT' => 'image/webp,image/*,*/*;q=0.8'
    'HTTP_REFERER' => 'http://freefile.vn/'
    'HTTP_ACCEPT_ENCODING' => 'gzip, deflate, sdch'
    'HTTP_ACCEPT_LANGUAGE' => 'vi-VN,vi;q=0.8,fr-FR;q=0.6,fr;q=0.4,en-US;q=0.2,en;q=0.2'
    'HTTP_COOKIE' => '_csrf=089f3eef0aa3aed78a4b00401617e4284d16b69b4e0d1fd235a2f9300ac643d8a%3A2%3A%7Bi%3A0%3Bs%3A5%3A%22_csrf%22%3Bi%3A1%3Bs%3A32%3A%22rrxN6ZkQSFKeVjJd7F-0Pc06-ap1wO_U%22%3B%7D'
    'PATH' => 'C:\\WINDOWS\\system32;C:\\WINDOWS;C:\\WINDOWS\\System32\\Wbem;C:\\WINDOWS\\System32\\WindowsPowerShell\\v1.0\\;c:\\Program Files (x86)\\QuickTime\\QTSystem\\;C:\\Program Files\\Git\\cmd;C:\\Xampp\\php;C:\\ProgramData\\ComposerSetup\\bin;C:\\Users\\MyPC\\AppData\\Local\\Microsoft\\WindowsApps;C:\\Users\\MyPC\\AppData\\Roaming\\Composer\\vendor\\bin'
    'SystemRoot' => 'C:\\WINDOWS'
    'COMSPEC' => 'C:\\WINDOWS\\system32\\cmd.exe'
    'PATHEXT' => '.COM;.EXE;.BAT;.CMD;.VBS;.VBE;.JS;.JSE;.WSF;.WSH;.MSC'
    'WINDIR' => 'C:\\WINDOWS'
    'SERVER_SIGNATURE' => '<address>Apache/2.4.16 (Win32) OpenSSL/1.0.1p PHP/5.6.12 Server at freefile.vn Port 80</address>
'
    'SERVER_SOFTWARE' => 'Apache/2.4.16 (Win32) OpenSSL/1.0.1p PHP/5.6.12'
    'SERVER_NAME' => 'freefile.vn'
    'SERVER_ADDR' => '127.0.0.1'
    'SERVER_PORT' => '80'
    'REMOTE_ADDR' => '127.0.0.1'
    'DOCUMENT_ROOT' => 'C:/Xampp/htdocs/fileroc'
    'REQUEST_SCHEME' => 'http'
    'CONTEXT_PREFIX' => ''
    'CONTEXT_DOCUMENT_ROOT' => 'C:/Xampp/htdocs/fileroc'
    'SERVER_ADMIN' => 'postmaster@localhost'
    'SCRIPT_FILENAME' => 'C:/Xampp/htdocs/fileroc/frontend/web/index.php'
    'REMOTE_PORT' => '8402'
    'REDIRECT_URL' => '/frontend/web/img/back-to-top.png'
    'GATEWAY_INTERFACE' => 'CGI/1.1'
    'SERVER_PROTOCOL' => 'HTTP/1.1'
    'REQUEST_METHOD' => 'GET'
    'QUERY_STRING' => ''
    'REQUEST_URI' => '/img/back-to-top.png'
    'SCRIPT_NAME' => '/frontend/web/index.php'
    'PHP_SELF' => '/frontend/web/index.php'
    'REQUEST_TIME_FLOAT' => 1489911070.44
    'REQUEST_TIME' => 1489911070
]
2017-03-19 09:20:04 [127.0.0.1][-][-][error][yii\i18n\PhpMessageSource::loadMessages] The message file for category 'yii' does not exist: C:\Xampp\htdocs\fileroc\vendor\yiisoft\yii2/messages/jp/yii.php
2017-03-19 09:20:04 [127.0.0.1][-][-][error][yii\web\HttpException:404] exception 'yii\base\InvalidRouteException' with message 'Unable to resolve the request "img/all-free-download.jpg".' in C:\Xampp\htdocs\fileroc\vendor\yiisoft\yii2\base\Module.php:461
Stack trace:
#0 C:\Xampp\htdocs\fileroc\vendor\yiisoft\yii2\web\Application.php(83): yii\base\Module->runAction('img/all-free-do...', Array)
#1 C:\Xampp\htdocs\fileroc\vendor\yiisoft\yii2\base\Application.php(375): yii\web\Application->handleRequest(Object(yii\web\Request))
#2 C:\Xampp\htdocs\fileroc\frontend\web\index.php(17): yii\base\Application->run()
#3 {main}

Next exception 'yii\web\NotFoundHttpException' with message 'Page not found.' in C:\Xampp\htdocs\fileroc\vendor\yiisoft\yii2\web\Application.php:95
Stack trace:
#0 C:\Xampp\htdocs\fileroc\vendor\yiisoft\yii2\base\Application.php(375): yii\web\Application->handleRequest(Object(yii\web\Request))
#1 C:\Xampp\htdocs\fileroc\frontend\web\index.php(17): yii\base\Application->run()
#2 {main}
2017-03-19 09:20:04 [127.0.0.1][-][-][info][application] $_COOKIE = [
    '_csrf' => '2ed4dc606e4087e491cff0215d4d0f93c43beee268457d8c6f889798874b8e95a:2:{i:0;s:5:\"_csrf\";i:1;s:32:\"TpwchGCUYf3tdash0OaC3os7B9ktPXxM\";}'
]

$_SERVER = [
    'REDIRECT_REDIRECT_MIBDIRS' => 'C:/Xampp/php/extras/mibs'
    'REDIRECT_REDIRECT_MYSQL_HOME' => '\\xampp\\mysql\\bin'
    'REDIRECT_REDIRECT_OPENSSL_CONF' => 'C:/Xampp/apache/bin/openssl.cnf'
    'REDIRECT_REDIRECT_PHP_PEAR_SYSCONF_DIR' => '\\xampp\\php'
    'REDIRECT_REDIRECT_PHPRC' => '\\xampp\\php'
    'REDIRECT_REDIRECT_TMP' => '\\xampp\\tmp'
    'REDIRECT_REDIRECT_STATUS' => '200'
    'REDIRECT_MIBDIRS' => 'C:/Xampp/php/extras/mibs'
    'REDIRECT_MYSQL_HOME' => '\\xampp\\mysql\\bin'
    'REDIRECT_OPENSSL_CONF' => 'C:/Xampp/apache/bin/openssl.cnf'
    'REDIRECT_PHP_PEAR_SYSCONF_DIR' => '\\xampp\\php'
    'REDIRECT_PHPRC' => '\\xampp\\php'
    'REDIRECT_TMP' => '\\xampp\\tmp'
    'REDIRECT_STATUS' => '200'
    'MIBDIRS' => 'C:/Xampp/php/extras/mibs'
    'MYSQL_HOME' => '\\xampp\\mysql\\bin'
    'OPENSSL_CONF' => 'C:/Xampp/apache/bin/openssl.cnf'
    'PHP_PEAR_SYSCONF_DIR' => '\\xampp\\php'
    'PHPRC' => '\\xampp\\php'
    'TMP' => '\\xampp\\tmp'
    'HTTP_HOST' => 'freefile.vn'
    'HTTP_CONNECTION' => 'keep-alive'
    'HTTP_USER_AGENT' => 'Mozilla/5.0 (Windows NT 10.0; Win64; x64) AppleWebKit/537.36 (KHTML, like Gecko) Chrome/56.0.2924.87 Safari/537.36'
    'HTTP_ACCEPT' => 'image/webp,image/*,*/*;q=0.8'
    'HTTP_REFERER' => 'http://freefile.vn/'
    'HTTP_ACCEPT_ENCODING' => 'gzip, deflate, sdch'
    'HTTP_ACCEPT_LANGUAGE' => 'vi-VN,vi;q=0.8,fr-FR;q=0.6,fr;q=0.4,en-US;q=0.2,en;q=0.2'
    'HTTP_COOKIE' => '_csrf=2ed4dc606e4087e491cff0215d4d0f93c43beee268457d8c6f889798874b8e95a%3A2%3A%7Bi%3A0%3Bs%3A5%3A%22_csrf%22%3Bi%3A1%3Bs%3A32%3A%22TpwchGCUYf3tdash0OaC3os7B9ktPXxM%22%3B%7D'
    'PATH' => 'C:\\WINDOWS\\system32;C:\\WINDOWS;C:\\WINDOWS\\System32\\Wbem;C:\\WINDOWS\\System32\\WindowsPowerShell\\v1.0\\;c:\\Program Files (x86)\\QuickTime\\QTSystem\\;C:\\Program Files\\Git\\cmd;C:\\Xampp\\php;C:\\ProgramData\\ComposerSetup\\bin;C:\\Users\\MyPC\\AppData\\Local\\Microsoft\\WindowsApps;C:\\Users\\MyPC\\AppData\\Roaming\\Composer\\vendor\\bin'
    'SystemRoot' => 'C:\\WINDOWS'
    'COMSPEC' => 'C:\\WINDOWS\\system32\\cmd.exe'
    'PATHEXT' => '.COM;.EXE;.BAT;.CMD;.VBS;.VBE;.JS;.JSE;.WSF;.WSH;.MSC'
    'WINDIR' => 'C:\\WINDOWS'
    'SERVER_SIGNATURE' => '<address>Apache/2.4.16 (Win32) OpenSSL/1.0.1p PHP/5.6.12 Server at freefile.vn Port 80</address>
'
    'SERVER_SOFTWARE' => 'Apache/2.4.16 (Win32) OpenSSL/1.0.1p PHP/5.6.12'
    'SERVER_NAME' => 'freefile.vn'
    'SERVER_ADDR' => '127.0.0.1'
    'SERVER_PORT' => '80'
    'REMOTE_ADDR' => '127.0.0.1'
    'DOCUMENT_ROOT' => 'C:/Xampp/htdocs/fileroc'
    'REQUEST_SCHEME' => 'http'
    'CONTEXT_PREFIX' => ''
    'CONTEXT_DOCUMENT_ROOT' => 'C:/Xampp/htdocs/fileroc'
    'SERVER_ADMIN' => 'postmaster@localhost'
    'SCRIPT_FILENAME' => 'C:/Xampp/htdocs/fileroc/frontend/web/index.php'
    'REMOTE_PORT' => '8656'
    'REDIRECT_URL' => '/frontend/web/img/all-free-download.jpg'
    'GATEWAY_INTERFACE' => 'CGI/1.1'
    'SERVER_PROTOCOL' => 'HTTP/1.1'
    'REQUEST_METHOD' => 'GET'
    'QUERY_STRING' => ''
    'REQUEST_URI' => '/img/all-free-download.jpg'
    'SCRIPT_NAME' => '/frontend/web/index.php'
    'PHP_SELF' => '/frontend/web/index.php'
    'REQUEST_TIME_FLOAT' => 1489911604.566
    'REQUEST_TIME' => 1489911604
]
2017-03-19 09:20:04 [127.0.0.1][-][-][error][yii\i18n\PhpMessageSource::loadMessages] The message file for category 'yii' does not exist: C:\Xampp\htdocs\fileroc\vendor\yiisoft\yii2/messages/jp/yii.php
2017-03-19 09:20:04 [127.0.0.1][-][-][error][yii\web\HttpException:404] exception 'yii\base\InvalidRouteException' with message 'Unable to resolve the request "img/icon_user.png".' in C:\Xampp\htdocs\fileroc\vendor\yiisoft\yii2\base\Module.php:461
Stack trace:
#0 C:\Xampp\htdocs\fileroc\vendor\yiisoft\yii2\web\Application.php(83): yii\base\Module->runAction('img/icon_user.p...', Array)
#1 C:\Xampp\htdocs\fileroc\vendor\yiisoft\yii2\base\Application.php(375): yii\web\Application->handleRequest(Object(yii\web\Request))
#2 C:\Xampp\htdocs\fileroc\frontend\web\index.php(17): yii\base\Application->run()
#3 {main}

Next exception 'yii\web\NotFoundHttpException' with message 'Page not found.' in C:\Xampp\htdocs\fileroc\vendor\yiisoft\yii2\web\Application.php:95
Stack trace:
#0 C:\Xampp\htdocs\fileroc\vendor\yiisoft\yii2\base\Application.php(375): yii\web\Application->handleRequest(Object(yii\web\Request))
#1 C:\Xampp\htdocs\fileroc\frontend\web\index.php(17): yii\base\Application->run()
#2 {main}
2017-03-19 09:20:04 [127.0.0.1][-][-][info][application] $_COOKIE = [
    '_csrf' => '2ed4dc606e4087e491cff0215d4d0f93c43beee268457d8c6f889798874b8e95a:2:{i:0;s:5:\"_csrf\";i:1;s:32:\"TpwchGCUYf3tdash0OaC3os7B9ktPXxM\";}'
]

$_SERVER = [
    'REDIRECT_REDIRECT_MIBDIRS' => 'C:/Xampp/php/extras/mibs'
    'REDIRECT_REDIRECT_MYSQL_HOME' => '\\xampp\\mysql\\bin'
    'REDIRECT_REDIRECT_OPENSSL_CONF' => 'C:/Xampp/apache/bin/openssl.cnf'
    'REDIRECT_REDIRECT_PHP_PEAR_SYSCONF_DIR' => '\\xampp\\php'
    'REDIRECT_REDIRECT_PHPRC' => '\\xampp\\php'
    'REDIRECT_REDIRECT_TMP' => '\\xampp\\tmp'
    'REDIRECT_REDIRECT_STATUS' => '200'
    'REDIRECT_MIBDIRS' => 'C:/Xampp/php/extras/mibs'
    'REDIRECT_MYSQL_HOME' => '\\xampp\\mysql\\bin'
    'REDIRECT_OPENSSL_CONF' => 'C:/Xampp/apache/bin/openssl.cnf'
    'REDIRECT_PHP_PEAR_SYSCONF_DIR' => '\\xampp\\php'
    'REDIRECT_PHPRC' => '\\xampp\\php'
    'REDIRECT_TMP' => '\\xampp\\tmp'
    'REDIRECT_STATUS' => '200'
    'MIBDIRS' => 'C:/Xampp/php/extras/mibs'
    'MYSQL_HOME' => '\\xampp\\mysql\\bin'
    'OPENSSL_CONF' => 'C:/Xampp/apache/bin/openssl.cnf'
    'PHP_PEAR_SYSCONF_DIR' => '\\xampp\\php'
    'PHPRC' => '\\xampp\\php'
    'TMP' => '\\xampp\\tmp'
    'HTTP_HOST' => 'freefile.vn'
    'HTTP_CONNECTION' => 'keep-alive'
    'HTTP_USER_AGENT' => 'Mozilla/5.0 (Windows NT 10.0; Win64; x64) AppleWebKit/537.36 (KHTML, like Gecko) Chrome/56.0.2924.87 Safari/537.36'
    'HTTP_ACCEPT' => 'image/webp,image/*,*/*;q=0.8'
    'HTTP_REFERER' => 'http://freefile.vn/'
    'HTTP_ACCEPT_ENCODING' => 'gzip, deflate, sdch'
    'HTTP_ACCEPT_LANGUAGE' => 'vi-VN,vi;q=0.8,fr-FR;q=0.6,fr;q=0.4,en-US;q=0.2,en;q=0.2'
    'HTTP_COOKIE' => '_csrf=2ed4dc606e4087e491cff0215d4d0f93c43beee268457d8c6f889798874b8e95a%3A2%3A%7Bi%3A0%3Bs%3A5%3A%22_csrf%22%3Bi%3A1%3Bs%3A32%3A%22TpwchGCUYf3tdash0OaC3os7B9ktPXxM%22%3B%7D'
    'PATH' => 'C:\\WINDOWS\\system32;C:\\WINDOWS;C:\\WINDOWS\\System32\\Wbem;C:\\WINDOWS\\System32\\WindowsPowerShell\\v1.0\\;c:\\Program Files (x86)\\QuickTime\\QTSystem\\;C:\\Program Files\\Git\\cmd;C:\\Xampp\\php;C:\\ProgramData\\ComposerSetup\\bin;C:\\Users\\MyPC\\AppData\\Local\\Microsoft\\WindowsApps;C:\\Users\\MyPC\\AppData\\Roaming\\Composer\\vendor\\bin'
    'SystemRoot' => 'C:\\WINDOWS'
    'COMSPEC' => 'C:\\WINDOWS\\system32\\cmd.exe'
    'PATHEXT' => '.COM;.EXE;.BAT;.CMD;.VBS;.VBE;.JS;.JSE;.WSF;.WSH;.MSC'
    'WINDIR' => 'C:\\WINDOWS'
    'SERVER_SIGNATURE' => '<address>Apache/2.4.16 (Win32) OpenSSL/1.0.1p PHP/5.6.12 Server at freefile.vn Port 80</address>
'
    'SERVER_SOFTWARE' => 'Apache/2.4.16 (Win32) OpenSSL/1.0.1p PHP/5.6.12'
    'SERVER_NAME' => 'freefile.vn'
    'SERVER_ADDR' => '127.0.0.1'
    'SERVER_PORT' => '80'
    'REMOTE_ADDR' => '127.0.0.1'
    'DOCUMENT_ROOT' => 'C:/Xampp/htdocs/fileroc'
    'REQUEST_SCHEME' => 'http'
    'CONTEXT_PREFIX' => ''
    'CONTEXT_DOCUMENT_ROOT' => 'C:/Xampp/htdocs/fileroc'
    'SERVER_ADMIN' => 'postmaster@localhost'
    'SCRIPT_FILENAME' => 'C:/Xampp/htdocs/fileroc/frontend/web/index.php'
    'REMOTE_PORT' => '8662'
    'REDIRECT_URL' => '/frontend/web/img/icon_user.png'
    'GATEWAY_INTERFACE' => 'CGI/1.1'
    'SERVER_PROTOCOL' => 'HTTP/1.1'
    'REQUEST_METHOD' => 'GET'
    'QUERY_STRING' => ''
    'REQUEST_URI' => '/img/icon_user.png'
    'SCRIPT_NAME' => '/frontend/web/index.php'
    'PHP_SELF' => '/frontend/web/index.php'
    'REQUEST_TIME_FLOAT' => 1489911604.726
    'REQUEST_TIME' => 1489911604
]
2017-03-19 09:20:04 [127.0.0.1][-][-][error][yii\i18n\PhpMessageSource::loadMessages] The message file for category 'yii' does not exist: C:\Xampp\htdocs\fileroc\vendor\yiisoft\yii2/messages/jp/yii.php
2017-03-19 09:20:04 [127.0.0.1][-][-][error][yii\web\HttpException:404] exception 'yii\base\InvalidRouteException' with message 'Unable to resolve the request "img/all-free-download.jpg".' in C:\Xampp\htdocs\fileroc\vendor\yiisoft\yii2\base\Module.php:461
Stack trace:
#0 C:\Xampp\htdocs\fileroc\vendor\yiisoft\yii2\web\Application.php(83): yii\base\Module->runAction('img/all-free-do...', Array)
#1 C:\Xampp\htdocs\fileroc\vendor\yiisoft\yii2\base\Application.php(375): yii\web\Application->handleRequest(Object(yii\web\Request))
#2 C:\Xampp\htdocs\fileroc\frontend\web\index.php(17): yii\base\Application->run()
#3 {main}

Next exception 'yii\web\NotFoundHttpException' with message 'Page not found.' in C:\Xampp\htdocs\fileroc\vendor\yiisoft\yii2\web\Application.php:95
Stack trace:
#0 C:\Xampp\htdocs\fileroc\vendor\yiisoft\yii2\base\Application.php(375): yii\web\Application->handleRequest(Object(yii\web\Request))
#1 C:\Xampp\htdocs\fileroc\frontend\web\index.php(17): yii\base\Application->run()
#2 {main}
2017-03-19 09:20:04 [127.0.0.1][-][-][info][application] $_COOKIE = [
    '_csrf' => '2ed4dc606e4087e491cff0215d4d0f93c43beee268457d8c6f889798874b8e95a:2:{i:0;s:5:\"_csrf\";i:1;s:32:\"TpwchGCUYf3tdash0OaC3os7B9ktPXxM\";}'
]

$_SERVER = [
    'REDIRECT_REDIRECT_MIBDIRS' => 'C:/Xampp/php/extras/mibs'
    'REDIRECT_REDIRECT_MYSQL_HOME' => '\\xampp\\mysql\\bin'
    'REDIRECT_REDIRECT_OPENSSL_CONF' => 'C:/Xampp/apache/bin/openssl.cnf'
    'REDIRECT_REDIRECT_PHP_PEAR_SYSCONF_DIR' => '\\xampp\\php'
    'REDIRECT_REDIRECT_PHPRC' => '\\xampp\\php'
    'REDIRECT_REDIRECT_TMP' => '\\xampp\\tmp'
    'REDIRECT_REDIRECT_STATUS' => '200'
    'REDIRECT_MIBDIRS' => 'C:/Xampp/php/extras/mibs'
    'REDIRECT_MYSQL_HOME' => '\\xampp\\mysql\\bin'
    'REDIRECT_OPENSSL_CONF' => 'C:/Xampp/apache/bin/openssl.cnf'
    'REDIRECT_PHP_PEAR_SYSCONF_DIR' => '\\xampp\\php'
    'REDIRECT_PHPRC' => '\\xampp\\php'
    'REDIRECT_TMP' => '\\xampp\\tmp'
    'REDIRECT_STATUS' => '200'
    'MIBDIRS' => 'C:/Xampp/php/extras/mibs'
    'MYSQL_HOME' => '\\xampp\\mysql\\bin'
    'OPENSSL_CONF' => 'C:/Xampp/apache/bin/openssl.cnf'
    'PHP_PEAR_SYSCONF_DIR' => '\\xampp\\php'
    'PHPRC' => '\\xampp\\php'
    'TMP' => '\\xampp\\tmp'
    'HTTP_HOST' => 'freefile.vn'
    'HTTP_CONNECTION' => 'keep-alive'
    'HTTP_USER_AGENT' => 'Mozilla/5.0 (Windows NT 10.0; Win64; x64) AppleWebKit/537.36 (KHTML, like Gecko) Chrome/56.0.2924.87 Safari/537.36'
    'HTTP_ACCEPT' => 'image/webp,image/*,*/*;q=0.8'
    'HTTP_REFERER' => 'http://freefile.vn/'
    'HTTP_ACCEPT_ENCODING' => 'gzip, deflate, sdch'
    'HTTP_ACCEPT_LANGUAGE' => 'vi-VN,vi;q=0.8,fr-FR;q=0.6,fr;q=0.4,en-US;q=0.2,en;q=0.2'
    'HTTP_COOKIE' => '_csrf=2ed4dc606e4087e491cff0215d4d0f93c43beee268457d8c6f889798874b8e95a%3A2%3A%7Bi%3A0%3Bs%3A5%3A%22_csrf%22%3Bi%3A1%3Bs%3A32%3A%22TpwchGCUYf3tdash0OaC3os7B9ktPXxM%22%3B%7D'
    'PATH' => 'C:\\WINDOWS\\system32;C:\\WINDOWS;C:\\WINDOWS\\System32\\Wbem;C:\\WINDOWS\\System32\\WindowsPowerShell\\v1.0\\;c:\\Program Files (x86)\\QuickTime\\QTSystem\\;C:\\Program Files\\Git\\cmd;C:\\Xampp\\php;C:\\ProgramData\\ComposerSetup\\bin;C:\\Users\\MyPC\\AppData\\Local\\Microsoft\\WindowsApps;C:\\Users\\MyPC\\AppData\\Roaming\\Composer\\vendor\\bin'
    'SystemRoot' => 'C:\\WINDOWS'
    'COMSPEC' => 'C:\\WINDOWS\\system32\\cmd.exe'
    'PATHEXT' => '.COM;.EXE;.BAT;.CMD;.VBS;.VBE;.JS;.JSE;.WSF;.WSH;.MSC'
    'WINDIR' => 'C:\\WINDOWS'
    'SERVER_SIGNATURE' => '<address>Apache/2.4.16 (Win32) OpenSSL/1.0.1p PHP/5.6.12 Server at freefile.vn Port 80</address>
'
    'SERVER_SOFTWARE' => 'Apache/2.4.16 (Win32) OpenSSL/1.0.1p PHP/5.6.12'
    'SERVER_NAME' => 'freefile.vn'
    'SERVER_ADDR' => '127.0.0.1'
    'SERVER_PORT' => '80'
    'REMOTE_ADDR' => '127.0.0.1'
    'DOCUMENT_ROOT' => 'C:/Xampp/htdocs/fileroc'
    'REQUEST_SCHEME' => 'http'
    'CONTEXT_PREFIX' => ''
    'CONTEXT_DOCUMENT_ROOT' => 'C:/Xampp/htdocs/fileroc'
    'SERVER_ADMIN' => 'postmaster@localhost'
    'SCRIPT_FILENAME' => 'C:/Xampp/htdocs/fileroc/frontend/web/index.php'
    'REMOTE_PORT' => '8659'
    'REDIRECT_URL' => '/frontend/web/img/all-free-download.jpg'
    'GATEWAY_INTERFACE' => 'CGI/1.1'
    'SERVER_PROTOCOL' => 'HTTP/1.1'
    'REQUEST_METHOD' => 'GET'
    'QUERY_STRING' => ''
    'REQUEST_URI' => '/img/all-free-download.jpg'
    'SCRIPT_NAME' => '/frontend/web/index.php'
    'PHP_SELF' => '/frontend/web/index.php'
    'REQUEST_TIME_FLOAT' => 1489911604.888
    'REQUEST_TIME' => 1489911604
]
